[11:29:45] [main/INFO]: Environment: authHost='https://authserver.mojang.com', accountsHost='https://api.mojang.com', sessionHost='https://sessionserver.mojang.com', name='PROD'
[11:29:46] [main/INFO]: Reloading ResourceManager: Default, bukkit
[11:29:46] [Worker-Main-12/INFO]: Loaded 7 recipes
[11:29:46] [Server thread/INFO]: Starting minecraft server version 1.16.1
[11:29:46] [Server thread/INFO]: Loading properties
[11:29:47] [Server thread/INFO]: This server is running CraftBukkit version git-Spigot-9639cf7-7c03d25 (MC: 1.16.1) (Implementing API version 1.16.1-R0.1-SNAPSHOT)
[11:29:47] [Server thread/INFO]: Debug logging is disabled
[11:29:47] [Server thread/INFO]: Using 4 threads for Netty based IO
[11:29:47] [Server thread/INFO]: Server Ping Player Sample Count: 12
[11:29:47] [Server thread/INFO]: Default game type: SURVIVAL
[11:29:47] [Server thread/INFO]: Generating keypair
[11:29:47] [Server thread/INFO]: Starting Minecraft server on 192.168.1.52:25565
[11:29:47] [Server thread/INFO]: Using default channel type
[11:29:49] [Server thread/INFO]: [nLogin] Loading nLogin v8.4.0
[11:29:49] [Server thread/INFO]: [0;32;1m[nCore] [nLogin] Conectando-se ao servidor api.nickuc.com...[m
[11:29:49] [Server thread/INFO]: [SkinsRestorer] Loading SkinsRestorer v13.8.2
[11:29:49] [Server thread/INFO]: [WorldEdit] Loading WorldEdit v7.1.0;8e55131
[11:29:49] [Server thread/INFO]: Got request to register class com.sk89q.worldedit.bukkit.BukkitServerInterface with WorldEdit [com.sk89q.worldedit.extension.platform.PlatformManager@1e38dc3]
[11:29:49] [Server thread/INFO]: [TrollBoss] Loading TrollBoss v6.3
[11:29:49] [Server thread/INFO]: [OpenInv] Loading OpenInv v4.1.3
[11:29:49] [Server thread/INFO]: [Vault] Loading Vault v1.7.3-b131
[11:29:49] [Server thread/INFO]: [WorldGuard] Loading WorldGuard v7.0.3;5407315
[11:29:49] [Server thread/INFO]: [PowerRanks] Loading PowerRanks v1.2
[11:29:49] [Server thread/INFO]: [Shopkeepers] Loading Shopkeepers v2.10.0
[11:29:49] [Server thread/INFO]: [Shopkeepers] Loading config.
[11:29:50] [Server thread/INFO]: [Shopkeepers] Registering WorldGuard flag 'allow-shop'.
[11:29:50] [Server thread/INFO]: [Shopkeepers] Registering defaults.
[11:29:50] [Server thread/INFO]: [nLogin] Enabling nLogin v8.4.0
[11:29:50] [Server thread/INFO]: [nCore] [nLogin] Successful plugin core start. Took 754ms[m
[11:29:50] [Server thread/INFO]: [0;37;22m[nLogin] [0;34;1m         __             _       [m
[11:29:50] [Server thread/INFO]: [0;37;22m[nLogin] [0;34;1m _ __   / /  ___   __ _(_)_ __  [m
[11:29:50] [Server thread/INFO]: [0;37;22m[nLogin] [0;34;1m| '_ \ / /  / _ \ / _` | | '_ \ [m
[11:29:50] [Server thread/INFO]: [0;37;22m[nLogin] [0;34;1m| | | / /__| (_) | (_| | | | | |[m
[11:29:50] [Server thread/INFO]: [0;37;22m[nLogin] [0;34;1m|_| |_\____/\___/ \__, |_|_| |_|[m
[11:29:50] [Server thread/INFO]: [0;37;22m[nLogin] [0;34;1m                  |___/            [m
[11:29:50] [Server thread/INFO]: [0;37;22m[nLogin] [0;34;1m By: www.nickuc.com - V 8.4.0 Release Build[m
[11:29:50] [Server thread/INFO]: [0;37;22m[nLogin] [m
[11:29:51] [Server thread/INFO]: [0;37;22m[nLogin] [0;36;1mnLogin Lite [0;37;22mhas been successfully activated. Some features may be disabled to improve performance.[m
[11:29:51] [Server thread/INFO]: [0;37;22m[nLogin] [0;34;1mPerforming inicialization tasks...[m
[11:29:51] [Server thread/INFO]: [0;37;22m[nLogin] [0;33;1mnLogin was loaded in 705ms.[m
[11:29:51] [Server thread/INFO]: [WorldEdit] Enabling WorldEdit v7.1.0;8e55131
[11:29:51] [Server thread/WARN]: [WorldEdit] Loaded class net.milkbowl.vault.permission.Permission from Vault v1.7.3-b131 which is not a depend, softdepend or loadbefore of this plugin.
[11:29:51] [Server thread/INFO]: WEPIF: Using the Bukkit Permissions API.
[11:29:51] [Server thread/WARN]: 
**********************************************
** This WorldEdit version does not fully support your version of Bukkit.
**
** When working with blocks or undoing, chests will be empty, signs
** will be blank, and so on. There will be no support for entity
** and block property-related functions.
**
** Please see https://worldedit.enginehub.org/en/latest/faq/#bukkit-adapters
**********************************************

[11:29:52] [Server thread/WARN]: [WorldEdit] ====================================================
[11:29:52] [Server thread/WARN]: [WorldEdit]  WorldEdit works better if you use Paper 
[11:29:52] [Server thread/WARN]: [WorldEdit]  as your server software. 
[11:29:52] [Server thread/WARN]: [WorldEdit]   
[11:29:52] [Server thread/WARN]: [WorldEdit]  Paper offers significant performance improvements,
[11:29:52] [Server thread/WARN]: [WorldEdit]  bug fixes, security enhancements and optional
[11:29:52] [Server thread/WARN]: [WorldEdit]  features for server owners to enhance their server.
[11:29:52] [Server thread/WARN]: [WorldEdit]   
[11:29:52] [Server thread/WARN]: [WorldEdit]  Paper includes Timings v2, which is significantly
[11:29:52] [Server thread/WARN]: [WorldEdit]  better at diagnosing lag problems over v1.
[11:29:52] [Server thread/WARN]: [WorldEdit]   
[11:29:52] [Server thread/WARN]: [WorldEdit]  All of your plugins should still work, and the
[11:29:52] [Server thread/WARN]: [WorldEdit]  Paper community will gladly help you fix any issues.
[11:29:52] [Server thread/WARN]: [WorldEdit]   
[11:29:52] [Server thread/WARN]: [WorldEdit]  Join the Paper Community @ https://papermc.io
[11:29:52] [Server thread/WARN]: [WorldEdit] ====================================================
[11:29:52] [Server thread/INFO]: [Vault] Enabling Vault v1.7.3-b131
[11:29:52] [Server thread/INFO]: [Vault] [Permission] SuperPermissions loaded as backup permission system.
[11:29:52] [Server thread/INFO]: [Vault] Enabled Version 1.7.3-b131
[11:29:52] [Server thread/INFO]: WEPIF: Vault detected! Using Vault for permissions
[11:29:52] [Server thread/WARN]: **** SERVER IS RUNNING IN OFFLINE/INSECURE MODE!
[11:29:52] [Server thread/WARN]: The server will make no attempt to authenticate usernames. Beware.
[11:29:52] [Server thread/WARN]: While this makes the game possible to play without internet access, it also opens up the ability for hackers to connect with any username they choose.
[11:29:52] [Server thread/WARN]: To change this, set "online-mode" to "true" in the server.properties file.
[11:29:52] [Server thread/INFO]: Preparing level "world"
[11:29:52] [Server thread/INFO]: -------- World Settings For [world] --------
[11:29:52] [Server thread/INFO]: Entity Tracking Range: Pl 48 / An 48 / Mo 48 / Mi 32 / Other 64
[11:29:52] [Server thread/INFO]: Allow Zombie Pigmen to spawn from portal blocks: true
[11:29:52] [Server thread/INFO]: Item Despawn Rate: 6000
[11:29:52] [Server thread/INFO]: Item Merge Radius: 2.5
[11:29:52] [Server thread/INFO]: View Distance: 10
[11:29:52] [Server thread/INFO]: Zombie Aggressive Towards Villager: true
[11:29:52] [Server thread/INFO]: Arrow Despawn Rate: 1200 Trident Respawn Rate:1200
[11:29:52] [Server thread/INFO]: Nerfing mobs spawned from spawners: false
[11:29:52] [Server thread/INFO]: Entity Activation Range: An 32 / Mo 32 / Ra 48 / Mi 16 / Tiv true
[11:29:52] [Server thread/INFO]: Mob Spawn Range: 6
[11:29:52] [Server thread/INFO]: Cactus Growth Modifier: 100%
[11:29:52] [Server thread/INFO]: Cane Growth Modifier: 100%
[11:29:52] [Server thread/INFO]: Melon Growth Modifier: 100%
[11:29:52] [Server thread/INFO]: Mushroom Growth Modifier: 100%
[11:29:52] [Server thread/INFO]: Pumpkin Growth Modifier: 100%
[11:29:52] [Server thread/INFO]: Sapling Growth Modifier: 100%
[11:29:52] [Server thread/INFO]: Beetroot Growth Modifier: 100%
[11:29:52] [Server thread/INFO]: Carrot Growth Modifier: 100%
[11:29:52] [Server thread/INFO]: Potato Growth Modifier: 100%
[11:29:52] [Server thread/INFO]: Wheat Growth Modifier: 100%
[11:29:52] [Server thread/INFO]: NetherWart Growth Modifier: 100%
[11:29:52] [Server thread/INFO]: Vine Growth Modifier: 100%
[11:29:52] [Server thread/INFO]: Cocoa Growth Modifier: 100%
[11:29:52] [Server thread/INFO]: Bamboo Growth Modifier: 100%
[11:29:52] [Server thread/INFO]: SweetBerry Growth Modifier: 100%
[11:29:52] [Server thread/INFO]: Kelp Growth Modifier: 100%
[11:29:52] [Server thread/INFO]: Tile Max Tick Time: 50ms Entity max Tick Time: 50ms
[11:29:52] [Server thread/INFO]: Max TNT Explosions: 100
[11:29:52] [Server thread/INFO]: Custom Map Seeds:  Village: 10387312 Desert: 14357617 Igloo: 14357618 Jungle: 14357619 Swamp: 14357620 Monument: 10387313 Ocean: 14357621 Shipwreck: 165745295 End City: 10387313 Slime: 987234911 Bastion: 30084232 Fortress: 30084232 Mansion: 10387319 Fossil: 14357921 Portal: 34222645
[11:29:52] [Server thread/INFO]: Experience Merge Radius: 3.0
[11:29:52] [Server thread/INFO]: Hopper Transfer: 8 Hopper Check: 1 Hopper Amount: 1
[11:29:52] [Server thread/INFO]: Registering commands with com.sk89q.worldedit.bukkit.BukkitServerInterface
[11:29:52] [Server thread/INFO]: -------- World Settings For [world_nether] --------
[11:29:52] [Server thread/INFO]: Entity Tracking Range: Pl 48 / An 48 / Mo 48 / Mi 32 / Other 64
[11:29:52] [Server thread/INFO]: Allow Zombie Pigmen to spawn from portal blocks: true
[11:29:52] [Server thread/INFO]: Item Despawn Rate: 6000
[11:29:52] [Server thread/INFO]: Item Merge Radius: 2.5
[11:29:52] [Server thread/INFO]: View Distance: 10
[11:29:52] [Server thread/INFO]: Zombie Aggressive Towards Villager: true
[11:29:52] [Server thread/INFO]: Arrow Despawn Rate: 1200 Trident Respawn Rate:1200
[11:29:52] [Server thread/INFO]: Nerfing mobs spawned from spawners: false
[11:29:52] [Server thread/INFO]: Entity Activation Range: An 32 / Mo 32 / Ra 48 / Mi 16 / Tiv true
[11:29:52] [Server thread/INFO]: Mob Spawn Range: 6
[11:29:52] [Server thread/INFO]: Cactus Growth Modifier: 100%
[11:29:52] [Server thread/INFO]: Cane Growth Modifier: 100%
[11:29:52] [Server thread/INFO]: Melon Growth Modifier: 100%
[11:29:52] [Server thread/INFO]: Mushroom Growth Modifier: 100%
[11:29:52] [Server thread/INFO]: Pumpkin Growth Modifier: 100%
[11:29:52] [Server thread/INFO]: Sapling Growth Modifier: 100%
[11:29:52] [Server thread/INFO]: Beetroot Growth Modifier: 100%
[11:29:52] [Server thread/INFO]: Carrot Growth Modifier: 100%
[11:29:52] [Server thread/INFO]: Potato Growth Modifier: 100%
[11:29:52] [Server thread/INFO]: Wheat Growth Modifier: 100%
[11:29:52] [Server thread/INFO]: NetherWart Growth Modifier: 100%
[11:29:52] [Server thread/INFO]: Vine Growth Modifier: 100%
[11:29:52] [Server thread/INFO]: Cocoa Growth Modifier: 100%
[11:29:52] [Server thread/INFO]: Bamboo Growth Modifier: 100%
[11:29:52] [Server thread/INFO]: SweetBerry Growth Modifier: 100%
[11:29:52] [Server thread/INFO]: Kelp Growth Modifier: 100%
[11:29:52] [Server thread/INFO]: Tile Max Tick Time: 50ms Entity max Tick Time: 50ms
[11:29:52] [Server thread/INFO]: Max TNT Explosions: 100
[11:29:52] [Server thread/INFO]: Custom Map Seeds:  Village: 10387312 Desert: 14357617 Igloo: 14357618 Jungle: 14357619 Swamp: 14357620 Monument: 10387313 Ocean: 14357621 Shipwreck: 165745295 End City: 10387313 Slime: 987234911 Bastion: 30084232 Fortress: 30084232 Mansion: 10387319 Fossil: 14357921 Portal: 34222645
[11:29:52] [Server thread/INFO]: Experience Merge Radius: 3.0
[11:29:52] [Server thread/INFO]: Hopper Transfer: 8 Hopper Check: 1 Hopper Amount: 1
[11:29:52] [Server thread/INFO]: -------- World Settings For [world_the_end] --------
[11:29:52] [Server thread/INFO]: Entity Tracking Range: Pl 48 / An 48 / Mo 48 / Mi 32 / Other 64
[11:29:52] [Server thread/INFO]: Allow Zombie Pigmen to spawn from portal blocks: true
[11:29:52] [Server thread/INFO]: Item Despawn Rate: 6000
[11:29:52] [Server thread/INFO]: Item Merge Radius: 2.5
[11:29:52] [Server thread/INFO]: View Distance: 10
[11:29:52] [Server thread/INFO]: Zombie Aggressive Towards Villager: true
[11:29:52] [Server thread/INFO]: Arrow Despawn Rate: 1200 Trident Respawn Rate:1200
[11:29:52] [Server thread/INFO]: Nerfing mobs spawned from spawners: false
[11:29:52] [Server thread/INFO]: Entity Activation Range: An 32 / Mo 32 / Ra 48 / Mi 16 / Tiv true
[11:29:52] [Server thread/INFO]: Mob Spawn Range: 6
[11:29:52] [Server thread/INFO]: Cactus Growth Modifier: 100%
[11:29:52] [Server thread/INFO]: Cane Growth Modifier: 100%
[11:29:52] [Server thread/INFO]: Melon Growth Modifier: 100%
[11:29:52] [Server thread/INFO]: Mushroom Growth Modifier: 100%
[11:29:52] [Server thread/INFO]: Pumpkin Growth Modifier: 100%
[11:29:52] [Server thread/INFO]: Sapling Growth Modifier: 100%
[11:29:52] [Server thread/INFO]: Beetroot Growth Modifier: 100%
[11:29:52] [Server thread/INFO]: Carrot Growth Modifier: 100%
[11:29:52] [Server thread/INFO]: Potato Growth Modifier: 100%
[11:29:52] [Server thread/INFO]: Wheat Growth Modifier: 100%
[11:29:52] [Server thread/INFO]: NetherWart Growth Modifier: 100%
[11:29:52] [Server thread/INFO]: Vine Growth Modifier: 100%
[11:29:52] [Server thread/INFO]: Cocoa Growth Modifier: 100%
[11:29:52] [Server thread/INFO]: Bamboo Growth Modifier: 100%
[11:29:52] [Server thread/INFO]: SweetBerry Growth Modifier: 100%
[11:29:52] [Server thread/INFO]: Kelp Growth Modifier: 100%
[11:29:52] [Server thread/INFO]: Tile Max Tick Time: 50ms Entity max Tick Time: 50ms
[11:29:52] [Server thread/INFO]: Max TNT Explosions: 100
[11:29:52] [Server thread/INFO]: Custom Map Seeds:  Village: 10387312 Desert: 14357617 Igloo: 14357618 Jungle: 14357619 Swamp: 14357620 Monument: 10387313 Ocean: 14357621 Shipwreck: 165745295 End City: 10387313 Slime: 987234911 Bastion: 30084232 Fortress: 30084232 Mansion: 10387319 Fossil: 14357921 Portal: 34222645
[11:29:52] [Server thread/INFO]: Experience Merge Radius: 3.0
[11:29:52] [Server thread/INFO]: Hopper Transfer: 8 Hopper Check: 1 Hopper Amount: 1
[11:29:52] [Server thread/INFO]: Preparing start region for dimension minecraft:overworld
[11:29:53] [Server thread/INFO]: Preparing spawn area: 0%
[11:29:53] [Server thread/INFO]: Preparing spawn area: 0%
[11:29:53] [Server thread/INFO]: Preparing spawn area: 0%
[11:29:53] [Server thread/INFO]: Time elapsed: 1269 ms
[11:29:53] [Server thread/INFO]: Preparing start region for dimension minecraft:the_nether
[11:29:54] [Server thread/INFO]: Preparing spawn area: 0%
[11:29:54] [Server thread/INFO]: Preparing spawn area: 0%
[11:29:54] [Worker-Main-14/INFO]: Preparing spawn area: 95%
[11:29:55] [Worker-Main-14/INFO]: Preparing spawn area: 95%
[11:29:55] [Worker-Main-11/INFO]: Preparing spawn area: 97%
[11:29:55] [Server thread/INFO]: Time elapsed: 2164 ms
[11:29:55] [Server thread/INFO]: Preparing start region for dimension minecraft:the_end
[11:29:55] [Server thread/INFO]: Preparing spawn area: 0%
[11:29:56] [Worker-Main-10/INFO]: Preparing spawn area: 83%
[11:29:56] [Worker-Main-11/INFO]: Preparing spawn area: 97%
[11:29:56] [Server thread/INFO]: Time elapsed: 1058 ms
[11:29:56] [Server thread/INFO]: [SkinsRestorer] Enabling SkinsRestorer v13.8.2
[11:29:56] [Server thread/INFO]: [SkinsRestorer] Failed PaperSkinRefresher
[11:29:56] [Server thread/INFO]: [SkinsRestorer] Using SpigotSkinRefresher
[11:29:56] [Server thread/INFO]: [0;33;1m[[0;32;22mSkinsRestorer[0;33;1m] [0;32;1mDetected Minecraft [0;33;1mv1_16_R1[0;32;1m, using [0;33;1mUniversalSkinFactory[0;32;1m.[m
[11:29:56] [Server thread/INFO]: [SkinsRestorer] Permissions.NewPermissions is missing in config.yml! Using default value.
[11:29:56] [Server thread/INFO]: [TrollBoss] Enabling TrollBoss v6.3
[11:29:57] [Server thread/INFO]: [Troll] No update found.
[11:29:57] [Server thread/INFO]: [TrollBoss] Plugin enabled!
[11:29:57] [Server thread/INFO]: [OpenInv] Enabling OpenInv v4.1.3
[11:29:57] [Server thread/INFO]: [WorldGuard] Enabling WorldGuard v7.0.3;5407315
[11:29:57] [Server thread/INFO]: [WorldGuard] (world) TNT ignition is PERMITTED.
[11:29:57] [Server thread/INFO]: [WorldGuard] (world) Lighters are PERMITTED.
[11:29:57] [Server thread/INFO]: [WorldGuard] (world) Lava fire is PERMITTED.
[11:29:57] [Server thread/INFO]: [WorldGuard] (world) Fire spread is UNRESTRICTED.
[11:29:57] [Server thread/INFO]: [WorldGuard] Loaded configuration for world 'world'
[11:29:57] [Server thread/INFO]: [WorldGuard] (world_nether) TNT ignition is PERMITTED.
[11:29:57] [Server thread/INFO]: [WorldGuard] (world_nether) Lighters are PERMITTED.
[11:29:57] [Server thread/INFO]: [WorldGuard] (world_nether) Lava fire is PERMITTED.
[11:29:57] [Server thread/INFO]: [WorldGuard] (world_nether) Fire spread is UNRESTRICTED.
[11:29:57] [Server thread/INFO]: [WorldGuard] Loaded configuration for world 'world_nether'
[11:29:57] [Server thread/INFO]: [WorldGuard] (world_the_end) TNT ignition is PERMITTED.
[11:29:57] [Server thread/INFO]: [WorldGuard] (world_the_end) Lighters are PERMITTED.
[11:29:57] [Server thread/INFO]: [WorldGuard] (world_the_end) Lava fire is PERMITTED.
[11:29:57] [Server thread/INFO]: [WorldGuard] (world_the_end) Fire spread is UNRESTRICTED.
[11:29:57] [Server thread/INFO]: [WorldGuard] Loaded configuration for world 'world_the_end'
[11:29:57] [Server thread/INFO]: [WorldGuard] Loading region data...
[11:29:58] [Server thread/INFO]: [PowerRanks] Enabling PowerRanks v1.2
[11:29:58] [Server thread/INFO]: [PowerRanks] Checking for updates...
[11:29:58] [Server thread/INFO]: [PowerRanks] No new version available
[11:29:58] [Server thread/INFO]: [PowerRanks] Checking for plugins to hook in to:
[11:29:58] [Server thread/INFO]: [PowerRanks] No other plugins found! Working stand-alone.
[11:29:58] [Server thread/INFO]: [PowerRanks] ----------------------
[11:29:58] [Server thread/INFO]: [PowerRanks] Loading add-ons
[11:29:58] [Server thread/INFO]: [PowerRanks] Loaded 0 add-on(s)!
[11:29:58] [Server thread/INFO]: [PowerRanks] ----------------------
[11:29:58] [Server thread/INFO]: [PowerRanks] Enabled PowerRanks v1.2
[11:29:58] [Server thread/INFO]: [PowerRanks] If you'd like to donate, please visit https://ko-fi.com/svenar or https://patreon.com/svenar
[11:29:58] [Server thread/INFO]: [Shopkeepers] Enabling Shopkeepers v2.10.0
[11:30:02] [Server thread/INFO]: [Shopkeepers] Loading data of 1 shopkeepers..
[11:30:02] [Server thread/INFO]: Server permissions file permissions.yml is empty, ignoring it
[11:30:03] [Server thread/INFO]: Done (10.975s)! For help, type "help"
[11:30:03] [Craft Scheduler Thread - 2/INFO]: [Vault] Checking for Updates ... 
[11:30:03] [Craft Scheduler Thread - 2/INFO]: [Vault] No new version available
[11:30:03] [Craft Scheduler Thread - 0/INFO]: [0;33;1m[[0;32;22mSkinsRestorer[0;33;1m] [0;32;1m----------------------------------------------[m
[11:30:03] [Craft Scheduler Thread - 0/INFO]: [0;33;1m[[0;32;22mSkinsRestorer[0;33;1m] [0;32;1m    +===============+[m
[11:30:03] [Craft Scheduler Thread - 0/INFO]: [0;33;1m[[0;32;22mSkinsRestorer[0;33;1m] [0;32;1m    | SkinsRestorer |[m
[11:30:03] [Craft Scheduler Thread - 0/INFO]: [0;33;1m[[0;32;22mSkinsRestorer[0;33;1m] [0;32;1m    +===============+[m
[11:30:03] [Craft Scheduler Thread - 0/INFO]: [0;33;1m[[0;32;22mSkinsRestorer[0;33;1m] [0;32;1m----------------------------------------------[m
[11:30:03] [Craft Scheduler Thread - 0/INFO]: [0;33;1m[[0;32;22mSkinsRestorer[0;33;1m] [0;36;1m    Current version: [0;32;1m13.8.2[m
[11:30:03] [Craft Scheduler Thread - 0/INFO]: [0;33;1m[[0;32;22mSkinsRestorer[0;33;1m] [0;32;1m    This is the latest version![m
[11:30:03] [Craft Scheduler Thread - 0/INFO]: [0;33;1m[[0;32;22mSkinsRestorer[0;33;1m] [0;32;1m----------------------------------------------[m
[11:30:14] [Server thread/INFO]: DarkSpartan98[/192.168.1.1:59717] logged in with entity id 223 at ([world]281.08458060634655, 64.0, -109.96281413615455)
[11:31:05] [Server thread/INFO]: Stopping the server
[11:31:05] [Server thread/INFO]: Stopping server
[11:31:05] [Server thread/INFO]: [Shopkeepers] Disabling Shopkeepers v2.10.0
[11:31:05] [Server thread/INFO]: [PowerRanks] Disabling PowerRanks v1.2
[11:31:05] [Server thread/INFO]: [PowerRanks] Disabled PowerRanks v1.2
[11:31:05] [Server thread/INFO]: [WorldGuard] Disabling WorldGuard v7.0.3;5407315
[11:31:05] [Server thread/INFO]: [WorldGuard] Shutting down executor and cancelling any pending tasks...
[11:31:05] [Server thread/INFO]: [Vault] Disabling Vault v1.7.3-b131
[11:31:05] [Server thread/INFO]: WEPIF: Vault detected! Using Vault for permissions
[11:31:05] [Server thread/INFO]: [OpenInv] Disabling OpenInv v4.1.3
[11:31:05] [Server thread/INFO]: [TrollBoss] Disabling TrollBoss v6.3
[11:31:05] [Server thread/INFO]: [TrollBoss] Plugin disabled!
[11:31:05] [Server thread/INFO]: [WorldEdit] Disabling WorldEdit v7.1.0;8e55131
[11:31:05] [Server thread/INFO]: Unregistering com.sk89q.worldedit.bukkit.BukkitServerInterface from WorldEdit
[11:31:05] [Server thread/INFO]: [SkinsRestorer] Disabling SkinsRestorer v13.8.2
[11:31:05] [Server thread/INFO]: [nLogin] Disabling nLogin v8.4.0
[11:31:05] [Server thread/INFO]: [nCore] [nLogin] Successful plugin core shutdown. Took 1ms[m
[11:31:05] [Server thread/INFO]: [0;37;22m[nLogin] [m
[11:31:05] [Server thread/INFO]: [0;37;22m[nLogin] [0;31;1mUnloading resources from nLogin V 8.4.0...[m
[11:31:05] [Server thread/INFO]: [0;37;22m[nLogin] [m
[11:31:05] [Server thread/INFO]: [0;37;22m[nLogin] [0;31;1mnLogin was unloaded in 8ms.[m
[11:31:05] [Server thread/INFO]: Saving players
[11:31:05] [Server thread/INFO]: DarkSpartan98 lost connection: Server closed
[11:31:05] [Server thread/INFO]: DarkSpartan98 left the game
[11:31:05] [Server thread/INFO]: Saving worlds
[11:31:05] [Server thread/INFO]: Saving chunks for level 'ServerLevel[world]'/minecraft:overworld
[11:31:06] [Server thread/INFO]: ThreadedAnvilChunkStorage (world): All chunks are saved
[11:31:06] [Server thread/INFO]: Saving chunks for level 'ServerLevel[world_nether]'/minecraft:the_nether
[11:31:07] [Server thread/INFO]: ThreadedAnvilChunkStorage (DIM-1): All chunks are saved
[11:31:07] [Server thread/INFO]: Saving chunks for level 'ServerLevel[world_the_end]'/minecraft:the_end
[11:31:07] [Server thread/INFO]: ThreadedAnvilChunkStorage (DIM1): All chunks are saved
[11:31:07] [Server thread/INFO]: ThreadedAnvilChunkStorage (world): All chunks are saved
[11:31:07] [Server thread/INFO]: ThreadedAnvilChunkStorage (DIM-1): All chunks are saved
[11:31:07] [Server thread/INFO]: ThreadedAnvilChunkStorage (DIM1): All chunks are saved
